Runtime: Python 3.12.14 on win32; Flask 3.1.3; pytest 9.1.1; pytest-cov 7.1.0; coverage 7.16.1
............................................                             [100%]
=============================== tests coverage ================================
______________ coverage: platform win32, python 3.12.14-final-0 _______________

Name                          Stmts   Miss  Cover   Missing
-----------------------------------------------------------
app.py                           70      1    99%   89
services\library_service.py      99      2    98%   36, 104
-----------------------------------------------------------
TOTAL                           169      3    98%
Coverage JSON written to file evidence/coverage.json
44 passed in 1.04s
